<?xml version="1.0" encoding="UTF-8"?>
<!-- Generated by org.testng.reporters.JUnitReportReporter -->
<testsuite hostname="Andriy-Kulyk" name="SimpleTest" tests="1" failures="0" timestamp="24 May 2018 20:33:23 GMT" time="18.327" errors="0">
  <testcase name="openMaimPage" time="18.327" classname="SimpleTest"/>
</testsuite> <!-- SimpleTest -->
